#-----------------------------------------------------------
# xsim v2023.1 (64-bit)
# SW Build 3865809 on Sun May  7 15:04:56 MDT 2023
# IP Build 3864474 on Sun May  7 20:36:21 MDT 2023
# SharedData Build 3865790 on Sun May 07 13:33:03 MDT 2023
# Start of session at: Thu Dec 11 21:58:39 2025
# Process ID: 2083786
# Current directory: /home/yonghun/btu/sim
# Command line: xsim -mode tcl -source {xsim.dir/tb_snapshot/xsim_script.tcl}
# Log file: /home/yonghun/btu/sim/xsim.log
# Journal file: /home/yonghun/btu/sim/xsim.jou
# Running On: comsys-u250, OS: Linux, CPU Frequency: 4904.270 MHz, CPU Physical cores: 10, Host memory: 134941 MB
#-----------------------------------------------------------
source xsim.dir/tb_snapshot/xsim_script.tcl
# xsim {tb_snapshot} -autoloadwcfg -runall
Time resolution is 1 ps
run -all

========================================
BTU Testbench Started
========================================

[TC1_n4] PASSED (n=4, num_rows=16)
[TC2_n9] PASSED (n=9, num_rows=18)

========================================
BTU Testbench Completed
========================================

$finish called at time : 515 ns : File "/home/yonghun/btu/tb/tb_btu.sv" Line 213
exit
INFO: [Common 17-206] Exiting xsim at Thu Dec 11 21:58:41 2025...
